<?xml version="1.0" encoding="UTF-8"?>
<!-- Generated by org.testng.reporters.JUnitXMLReporter -->
<testsuite ignored="0" hostname="Rohit_11" failures="1" tests="1" name="Test(failed)" time="13.396" errors="0" timestamp="2025-12-30T23:22:51 IST">
  <testcase classname="testCases.TC02_LoginCustomer" name="verifyLogin" time="8.002">
    <failure type="java.lang.AssertionError" message="expected [false] but found [true]">
      <![CDATA[java.lang.AssertionError: expected [false] but found [true]
at testCases.TC02_LoginCustomer.verifyLogin(TC02_LoginCustomer.java:33)
at java.base/java.util.ArrayList.forEach(ArrayList.java:1511)
... Removed 31 stack frames]]>
    </failure>
  </testcase> <!-- verifyLogin -->
</testsuite> <!-- Test(failed) -->
