<?xml version="1.0" encoding="UTF-8"?>
<!-- Generated by org.testng.reporters.JUnitReportReporter -->
<testsuite hostname="Rohit_11" failures="0" tests="5" name="testCases.TC03_LoginDDT" time="47.024" errors="0" timestamp="2025-12-26T13:44:15 IST" skipped="0">
  <testcase classname="testCases.TC03_LoginDDT" name="verifyLoginDDt" time="16.798"/>
  <testcase classname="testCases.TC03_LoginDDT" name="verifyLoginDDt" time="7.854"/>
  <testcase classname="testCases.TC03_LoginDDT" name="verifyLoginDDt" time="7.091"/>
  <testcase classname="testCases.TC03_LoginDDT" name="verifyLoginDDt" time="8.120"/>
  <testcase classname="testCases.TC03_LoginDDT" name="verifyLoginDDt" time="7.161"/>
</testsuite> <!-- testCases.TC03_LoginDDT -->
